<?xml version="1.0" encoding="UTF-8"?>
<!-- Generated by org.testng.reporters.JUnitReportReporter -->
<testsuite hostname="DESKTOP-0LKMRN5" failures="0" tests="1" name="maventest.SOTC_Test" time="221.409" errors="0" timestamp="2023-11-03T11:08:46 IST" skipped="0">
  <testcase classname="maventest.SOTC_Test" name="Test" time="221.409"/>
</testsuite> <!-- maventest.SOTC_Test -->
