<?xml version="1.0" encoding="UTF-8"?>
<!-- Generated by org.testng.reporters.JUnitReportReporter -->
<testsuite hostname="DESKTOP-0LKMRN5" failures="0" tests="1" name="maventest.sauceDemoTest" time="13.327" errors="0" timestamp="2023-10-10T18:08:46 IST" skipped="0">
  <testcase classname="maventest.sauceDemoTest" name="Test" time="13.327"/>
</testsuite> <!-- maventest.sauceDemoTest -->
