<?xml version="1.0" encoding="UTF-8"?>
<!-- Generated by org.testng.reporters.JUnitReportReporter -->
<testsuite hostname="DESKTOP-0LKMRN5" failures="0" tests="1" name="maventest.test" time="22.829" errors="0" timestamp="2023-10-08T19:50:33 IST" skipped="0">
  <testcase classname="maventest.test" name="Test" time="22.829"/>
</testsuite> <!-- maventest.test -->
